<?xml version="1.0" encoding="UTF-8"?>
<!-- Generated by org.testng.reporters.JUnitXMLReporter -->
<testsuite hostname="qainfotech-Latitude-3490" ignored="0" name="Default test" tests="5" failures="0" timestamp="2020-05-15T16:45:54 IST" time="43.244" errors="0">
  <testcase name="whenCreatingKeyspace" time="0.61" classname="com.casandradatabase.test.StartCassandra"/>
  <testcase name="creatingTable" time="2.537" classname="com.casandradatabase.test.StartCassandra"/>
  <testcase name="insertData" time="0.026" classname="com.casandradatabase.test.StartCassandra"/>
  <testcase name="displayTableData" time="0.019" classname="com.casandradatabase.test.StartCassandra"/>
  <testcase name="dropTable" time="14.176" classname="com.casandradatabase.test.StartCassandra"/>
</testsuite> <!-- Default test -->
